<?xml version="1.0" encoding="UTF-8"?>
<testsuite xmlns:xsi="http://www.w3.org/2001/XMLSchema-instance" xsi:noNamespaceSchemaLocation="https://maven.apache.org/surefire/maven-surefire-plugin/xsd/surefire-test-report-3.0.xsd" version="3.0" name="com.grafos.DFSTest" time="0.06" tests="2" errors="0" skipped="0" failures="0">
  <properties>
[...]
</properties>
  <testcase name="dfsDetectsCycle" classname="com.grafos.DFSTest" time="0.054"/>
  <testcase name="dfsNoCycleInTree" classname="com.grafos.DFSTest" time="0.001"/>
</testsuite>